
HANGMAN...Game on!

                               ______
                              |  |
                              |  
                              | 
                              |  
     _ _ _ _ _ _ _ _ _ _      |  
                              |_____
                              |     |____
                              |__________|
a
mistakes: 0
                               ______
                              |  |
                              |  
                              | 
                              |  
     a _ _ _ _ _ _ _ _ _      |  
                              |_____
                              |     |____
                              |__________|
b
mistakes: 0
                               ______
                              |  |
                              |  
                              | 
                              |  
     a b _ _ _ _ _ _ _ _      |  
                              |_____
                              |     |____
                              |__________|
c
mistakes: 0
                               ______
                              |  |
                              |  
                              | 
                              |  
     a b _ c _ _ _ _ _ _      |  
                              |_____
                              |     |____
                              |__________|
d
mistakes: 0
                               ______
                              |  |
                              |  
                              | 
                              |  
     a b _ c _ _ d _ _ _      |  
                              |_____
                              |     |____
                              |__________|
e
mistakes: 1
                               ______
                              |  |
                              |  O
                              | 
                              |  
     a b _ c _ _ d _ _ _      | 
                              |_____
                              |     |____
                              |__________|
f
mistakes: 2
                               ______
                              |  |
                              |  O
                              | /
                              |  
     a b _ c _ _ d _ _ _      | 
                              |_____
                              |     |____
                              |__________|
g
mistakes: 2
                               ______
                              |  |
                              |  O
                              | /
                              |  
     a b _ c _ _ d _ _ g      | 
                              |_____
                              |     |____
                              |__________|
h
mistakes: 3
                               ______
                              |  |
                              |  O
                              | /|
                              |  |
     a b _ c _ _ d _ _ g      |  
                              |_____
                              |     |____
                              |__________|
i
mistakes: 3
                               ______
                              |  |
                              |  O
                              | /|
                              |  |
     a b _ c _ _ d i _ g      |  
                              |_____
                              |     |____
                              |__________|
j
mistakes: 4
                               ______
                              |  |
                              |  O
                              | /|\ 
                              |  |
     a b _ c _ _ d i _ g      |  
                              |_____
                              |     |____
                              |__________|
k
mistakes: 5
                               ______
                              |  |
                              |  O
                              | /|\ 
                              |  |
     a b _ c _ _ d i _ g      | /  
                              |_____
                              |     |____
                              |__________|
l
mistakes: 6
                               ______
                              |  |
                              |  O
                              | /|\ 
                              |  |
      Y O U   L O S E !       | / \ 
                              |_____
                              |     |____
                              |__________|
The secret word is absconding, you guess via sequence abcdefghijkl. And YOU LOSE!
Continue game(C/c: continue, Q/q: quit)? y

HANGMAN...Game on!

                               ______
                              |  |
                              |  
                              | 
                              |  
          _ _ _ _ _           |  
                              |_____
                              |     |____
                              |__________|
i
mistakes: 0
                               ______
                              |  |
                              |  
                              | 
                              |  
          _ _ i _ _           |  
                              |_____
                              |     |____
                              |__________|
e
mistakes: 0
                               ______
                              |  |
                              |  
                              | 
                              |  
          _ _ i _ e           |  
                              |_____
                              |     |____
                              |__________|
u
mistakes: 0
                               ______
                              |  |
                              |  
                              | 
                              |  
          _ u i _ e           |  
                              |_____
                              |     |____
                              |__________|
s
mistakes: 0
                               ______
                              |  |
                              |  
                              | 
                              |  
          _ u i s e           |  
                              |_____
                              |     |____
                              |__________|
g
mistakes: 0
                               ______
                              |  |
                              |  
                              | 
                              |  
       Y O U   W I N !        |  
                              |_____
                              |     |____
                              |__________|
The secret word is guise, you guess via sequence ieusg. And YOU WIN!
Continue game(C/c: continue, Q/q: quit)? q
Bye...Game over!!!

HANGMAN...Game on!

                               ______
                              |  |
                              |  
                              | 
                              |  
        _ _ _ _ _ _ _         |  
                              |_____
                              |     |____
                              |__________|
a
mistakes: 1
                               ______
                              |  |
                              |  O
                              | 
                              |  
        _ _ _ _ _ _ _         | 
                              |_____
                              |     |____
                              |__________|
b
mistakes: 2
                               ______
                              |  |
                              |  O
                              | /
                              |  
        _ _ _ _ _ _ _         | 
                              |_____
                              |     |____
                              |__________|
c
mistakes: 3
                               ______
                              |  |
                              |  O
                              | /|
                              |  |
        _ _ _ _ _ _ _         |  
                              |_____
                              |     |____
                              |__________|
d
mistakes: 4
                               ______
                              |  |
                              |  O
                              | /|\ 
                              |  |
        _ _ _ _ _ _ _         |  
                              |_____
                              |     |____
                              |__________|
e
mistakes: 4
                               ______
                              |  |
                              |  O
                              | /|\ 
                              |  |
        _ e _ _ _ _ _         |  
                              |_____
                              |     |____
                              |__________|
f
mistakes: 5
                               ______
                              |  |
                              |  O
                              | /|\ 
                              |  |
        _ e _ _ _ _ _         | /  
                              |_____
                              |     |____
                              |__________|
g
mistakes: 5
                               ______
                              |  |
                              |  O
                              | /|\ 
                              |  |
        _ e _ _ _ _ g         | /  
                              |_____
                              |     |____
                              |__________|
i
mistakes: 5
                               ______
                              |  |
                              |  O
                              | /|\ 
                              |  |
        _ e _ _ i _ g         | /  
                              |_____
                              |     |____
                              |__________|
n
mistakes: 5
                               ______
                              |  |
                              |  O
                              | /|\ 
                              |  |
        _ e _ _ i n g         | /  
                              |_____
                              |     |____
                              |__________|
t
mistakes: 5
                               ______
                              |  |
                              |  O
                              | /|\ 
                              |  |
        t e _ _ i n g         | /  
                              |_____
                              |     |____
                              |__________|
s
mistakes: 6
                               ______
                              |  |
                              |  O
                              | /|\ 
                              |  |
      Y O U   L O S E !       | / \ 
                              |_____
                              |     |____
                              |__________|
The secret word is terming, you guess via sequence abcdefgints. And YOU LOSE!
Continue game(C/c: continue, Q/q: quit)? y

HANGMAN...Game on!

                               ______
                              |  |
                              |  
                              | 
                              |  
     _ _ _ _ _ _ _ _ _ _      |  
                              |_____
                              |     |____
                              |__________|
a
mistakes: 0
                               ______
                              |  |
                              |  
                              | 
                              |  
     _ _ _ _ _ _ _ a _ _      |  
                              |_____
                              |     |____
                              |__________|
b
mistakes: 0
                               ______
                              |  |
                              |  
                              | 
                              |  
     _ _ _ _ _ b _ a _ _      |  
                              |_____
                              |     |____
                              |__________|
c
mistakes: 1
                               ______
                              |  |
                              |  O
                              | 
                              |  
     _ _ _ _ _ b _ a _ _      | 
                              |_____
                              |     |____
                              |__________|
d
mistakes: 1
                               ______
                              |  |
                              |  O
                              | 
                              |  
     _ _ _ _ d b _ a _ d      | 
                              |_____
                              |     |____
                              |__________|
e
mistakes: 2
                               ______
                              |  |
                              |  O
                              | /
                              |  
     _ _ _ _ d b _ a _ d      | 
                              |_____
                              |     |____
                              |__________|
u
mistakes: 2
                               ______
                              |  |
                              |  O
                              | /
                              |  
     _ _ u _ d b _ a _ d      | 
                              |_____
                              |     |____
                              |__________|
t
mistakes: 3
                               ______
                              |  |
                              |  O
                              | /|
                              |  |
     _ _ u _ d b _ a _ d      |  
                              |_____
                              |     |____
                              |__________|
s
mistakes: 3
                               ______
                              |  |
                              |  O
                              | /|
                              |  |
     s _ u _ d b _ a _ d      |  
                              |_____
                              |     |____
                              |__________|
i
mistakes: 4
                               ______
                              |  |
                              |  O
                              | /|\ 
                              |  |
     s _ u _ d b _ a _ d      |  
                              |_____
                              |     |____
                              |__________|
h
mistakes: 5
                               ______
                              |  |
                              |  O
                              | /|\ 
                              |  |
     s _ u _ d b _ a _ d      | /  
                              |_____
                              |     |____
                              |__________|
p
mistakes: 6
                               ______
                              |  |
                              |  O
                              | /|\ 
                              |  |
      Y O U   L O S E !       | / \ 
                              |_____
                              |     |____
                              |__________|
The secret word is soundboard, you guess via sequence abcdeutsihp. And YOU LOSE!
Continue game(C/c: continue, Q/q: quit)? y

HANGMAN...Game on!

                               ______
                              |  |
                              |  
                              | 
                              |  
         _ _ _ _ _ _          |  
                              |_____
                              |     |____
                              |__________|
a
mistakes: 1
                               ______
                              |  |
                              |  O
                              | 
                              |  
         _ _ _ _ _ _          | 
                              |_____
                              |     |____
                              |__________|
b
mistakes: 2
                               ______
                              |  |
                              |  O
                              | /
                              |  
         _ _ _ _ _ _          | 
                              |_____
                              |     |____
                              |__________|
c
mistakes: 3
                               ______
                              |  |
                              |  O
                              | /|
                              |  |
         _ _ _ _ _ _          |  
                              |_____
                              |     |____
                              |__________|
d
mistakes: 3
                               ______
                              |  |
                              |  O
                              | /|
                              |  |
         _ _ _ _ _ d          |  
                              |_____
                              |     |____
                              |__________|
e
mistakes: 4
                               ______
                              |  |
                              |  O
                              | /|\ 
                              |  |
         _ _ _ _ _ d          |  
                              |_____
                              |     |____
                              |__________|
i
mistakes: 5
                               ______
                              |  |
                              |  O
                              | /|\ 
                              |  |
         _ _ _ _ _ d          | /  
                              |_____
                              |     |____
                              |__________|
u
mistakes: 5
                               ______
                              |  |
                              |  O
                              | /|\ 
                              |  |
         _ _ _ u _ d          | /  
                              |_____
                              |     |____
                              |__________|
n
mistakes: 6
                               ______
                              |  |
                              |  O
                              | /|\ 
                              |  |
      Y O U   L O S E !       | / \ 
                              |_____
                              |     |____
                              |__________|
The secret word is should, you guess via sequence abcdeiun. And YOU LOSE!
Continue game(C/c: continue, Q/q: quit)? c

HANGMAN...Game on!

                               ______
                              |  |
                              |  
                              | 
                              |  
        _ _ _ _ _ _ _         |  
                              |_____
                              |     |____
                              |__________|
a
mistakes: 1
                               ______
                              |  |
                              |  O
                              | 
                              |  
        _ _ _ _ _ _ _         | 
                              |_____
                              |     |____
                              |__________|
e
mistakes: 1
                               ______
                              |  |
                              |  O
                              | 
                              |  
        _ e _ _ _ _ _         | 
                              |_____
                              |     |____
                              |__________|
t
mistakes: 2
                               ______
                              |  |
                              |  O
                              | /
                              |  
        _ e _ _ _ _ _         | 
                              |_____
                              |     |____
                              |__________|
u
mistakes: 3
                               ______
                              |  |
                              |  O
                              | /|
                              |  |
        _ e _ _ _ _ _         |  
                              |_____
                              |     |____
                              |__________|
i
mistakes: 3
                               ______
                              |  |
                              |  O
                              | /|
                              |  |
        _ e _ i _ _ _         |  
                              |_____
                              |     |____
                              |__________|
n
mistakes: 4
                               ______
                              |  |
                              |  O
                              | /|\ 
                              |  |
        _ e _ i _ _ _         |  
                              |_____
                              |     |____
                              |__________|
g
mistakes: 4
                               ______
                              |  |
                              |  O
                              | /|\ 
                              |  |
        _ e g i _ _ _         |  
                              |_____
                              |     |____
                              |__________|
t
mistakes: 5
                               ______
                              |  |
                              |  O
                              | /|\ 
                              |  |
        _ e g i _ _ _         | /  
                              |_____
                              |     |____
                              |__________|
s
mistakes: 5
                               ______
                              |  |
                              |  O
                              | /|\ 
                              |  |
        _ e g i _ _ s         | /  
                              |_____
                              |     |____
                              |__________|
h
mistakes: 6
                               ______
                              |  |
                              |  O
                              | /|\ 
                              |  |
      Y O U   L O S E !       | / \ 
                              |_____
                              |     |____
                              |__________|
The secret word is begirds, you guess via sequence aetuingtsh. And YOU LOSE!
Continue game(C/c: continue, Q/q: quit)? c

HANGMAN...Game on!

                               ______
                              |  |
                              |  
                              | 
                              |  
         _ _ _ _ _ _          |  
                              |_____
                              |     |____
                              |__________|
a
mistakes: 1
                               ______
                              |  |
                              |  O
                              | 
                              |  
         _ _ _ _ _ _          | 
                              |_____
                              |     |____
                              |__________|
b
mistakes: 2
                               ______
                              |  |
                              |  O
                              | /
                              |  
         _ _ _ _ _ _          | 
                              |_____
                              |     |____
                              |__________|
c
mistakes: 2
                               ______
                              |  |
                              |  O
                              | /
                              |  
         c _ _ _ _ _          | 
                              |_____
                              |     |____
                              |__________|
d
mistakes: 3
                               ______
                              |  |
                              |  O
                              | /|
                              |  |
         c _ _ _ _ _          |  
                              |_____
                              |     |____
                              |__________|
e
mistakes: 4
                               ______
                              |  |
                              |  O
                              | /|\ 
                              |  |
         c _ _ _ _ _          |  
                              |_____
                              |     |____
                              |__________|
f
mistakes: 5
                               ______
                              |  |
                              |  O
                              | /|\ 
                              |  |
         c _ _ _ _ _          | /  
                              |_____
                              |     |____
                              |__________|
g
mistakes: 6
                               ______
                              |  |
                              |  O
                              | /|\ 
                              |  |
      Y O U   L O S E !       | / \ 
                              |_____
                              |     |____
                              |__________|
The secret word is churls, you guess via sequence abcdefg. And YOU LOSE!
Continue game(C/c: continue, Q/q: quit)? c

HANGMAN...Game on!

                               ______
                              |  |
                              |  
                              | 
                              |  
       _ _ _ _ _ _ _ _        |  
                              |_____
                              |     |____
                              |__________|
e
mistakes: 0
                               ______
                              |  |
                              |  
                              | 
                              |  
       _ _ e _ _ _ _ _        |  
                              |_____
                              |     |____
                              |__________|
i
mistakes: 1
                               ______
                              |  |
                              |  O
                              | 
                              |  
       _ _ e _ _ _ _ _        | 
                              |_____
                              |     |____
                              |__________|
o
mistakes: 2
                               ______
                              |  |
                              |  O
                              | /
                              |  
       _ _ e _ _ _ _ _        | 
                              |_____
                              |     |____
                              |__________|
u
mistakes: 2
                               ______
                              |  |
                              |  O
                              | /
                              |  
       _ _ e _ _ _ u _        | 
                              |_____
                              |     |____
                              |__________|
n
mistakes: 3
                               ______
                              |  |
                              |  O
                              | /|
                              |  |
       _ _ e _ _ _ u _        |  
                              |_____
                              |     |____
                              |__________|
s
mistakes: 4
                               ______
                              |  |
                              |  O
                              | /|\ 
                              |  |
       _ _ e _ _ _ u _        |  
                              |_____
                              |     |____
                              |__________|
a
mistakes: 5
                               ______
                              |  |
                              |  O
                              | /|\ 
                              |  |
       _ _ e _ _ _ u _        | /  
                              |_____
                              |     |____
                              |__________|
b
mistakes: 6
                               ______
                              |  |
                              |  O
                              | /|\ 
                              |  |
      Y O U   L O S E !       | / \ 
                              |_____
                              |     |____
                              |__________|
The secret word is plectrum, you guess via sequence eiounsab. And YOU LOSE!
Continue game(C/c: continue, Q/q: quit)? q
Bye...Game over!!!

HANGMAN...Game on!

                               ______
                              |  |
                              |  
                              | 
                              |  
      _ _ _ _ _ _ _ _ _       |  
                              |_____
                              |     |____
                              |__________|
a
mistakes: 1
                               ______
                              |  |
                              |  O
                              | 
                              |  
      _ _ _ _ _ _ _ _ _       | 
                              |_____
                              |     |____
                              |__________|
b
mistakes: 1
                               ______
                              |  |
                              |  O
                              | 
                              |  
      _ _ _ b _ _ _ _ _       | 
                              |_____
                              |     |____
                              |__________|
c
mistakes: 2
                               ______
                              |  |
                              |  O
                              | /
                              |  
      _ _ _ b _ _ _ _ _       | 
                              |_____
                              |     |____
                              |__________|
d
mistakes: 3
                               ______
                              |  |
                              |  O
                              | /|
                              |  |
      _ _ _ b _ _ _ _ _       |  
                              |_____
                              |     |____
                              |__________|
e
mistakes: 3
                               ______
                              |  |
                              |  O
                              | /|
                              |  |
      _ _ _ b e _ _ _ _       |  
                              |_____
                              |     |____
                              |__________|
f
mistakes: 4
                               ______
                              |  |
                              |  O
                              | /|\ 
                              |  |
      _ _ _ b e _ _ _ _       |  
                              |_____
                              |     |____
                              |__________|
g
mistakes: 4
                               ______
                              |  |
                              |  O
                              | /|\ 
                              |  |
      _ _ _ b e _ _ _ g       |  
                              |_____
                              |     |____
                              |__________|
i
mistakes: 4
                               ______
                              |  |
                              |  O
                              | /|\ 
                              |  |
      _ i _ b e _ i _ g       |  
                              |_____
                              |     |____
                              |__________|
n
mistakes: 4
                               ______
                              |  |
                              |  O
                              | /|\ 
                              |  |
      _ i _ b e _ i n g       |  
                              |_____
                              |     |____
                              |__________|
m
mistakes: 4
                               ______
                              |  |
                              |  O
                              | /|\ 
                              |  |
      _ i m b e _ i n g       |  
                              |_____
                              |     |____
                              |__________|
t
mistakes: 4
                               ______
                              |  |
                              |  O
                              | /|\ 
                              |  |
      t i m b e _ i n g       |  
                              |_____
                              |     |____
                              |__________|
r
mistakes: 4
                               ______
                              |  |
                              |  O
                              | /|\ 
                              |  |
       Y O U   W I N !        |  
                              |_____
                              |     |____
                              |__________|
The secret word is timbering, you guess via sequence abcdefginmtr. And YOU WIN!
Continue game(C/c: continue, Q/q: quit)? q
Bye...Game over!!!
